  main.cpp
  Management.cpp
E:\桌面\Yy_Hair2\Vip_Management\Management.cpp(120,58): warning C4244: “=”: 从“int”转换到“float”，可能丢失数据
E:\桌面\Yy_Hair2\Vip_Management\Management.cpp(123,40): warning C4244: “参数”: 从“int”转换到“float”，可能丢失数据
E:\桌面\Yy_Hair2\Vip_Management\Management.cpp(147,40): warning C4244: “参数”: 从“int”转换到“float”，可能丢失数据
E:\桌面\Yy_Hair2\Vip_Management\Management.cpp(307,55): warning C4244: “=”: 从“int”转换到“float”，可能丢失数据
E:\桌面\Yy_Hair2\Vip_Management\Management.cpp(737,23): warning C4244: “=”: 从“int”转换到“float”，可能丢失数据
E:\桌面\Yy_Hair2\Vip_Management\Management.cpp(828,23): warning C4244: “=”: 从“int”转换到“float”，可能丢失数据
E:\桌面\Yy_Hair2\Vip_Management\Management.cpp(988,21): warning C4244: “=”: 从“int”转换到“float”，可能丢失数据
E:\桌面\Yy_Hair2\Vip_Management\Management.cpp(989,15): warning C4244: “=”: 从“int”转换到“float”，可能丢失数据
E:\桌面\Yy_Hair2\Vip_Management\Management.cpp(999,29): warning C4244: “=”: 从“int”转换到“float”，可能丢失数据
E:\桌面\Yy_Hair2\Vip_Management\Management.cpp(1048,21): warning C4244: “=”: 从“int”转换到“float”，可能丢失数据
E:\桌面\Yy_Hair2\Vip_Management\Management.cpp(1049,15): warning C4244: “=”: 从“int”转换到“float”，可能丢失数据
E:\桌面\Yy_Hair2\Vip_Management\Management.cpp(1133,21): warning C4244: “=”: 从“int”转换到“float”，可能丢失数据
E:\桌面\Yy_Hair2\Vip_Management\Management.cpp(1134,15): warning C4244: “=”: 从“int”转换到“float”，可能丢失数据
E:\桌面\Yy_Hair2\Vip_Management\Management.cpp(1144,29): warning C4244: “=”: 从“int”转换到“float”，可能丢失数据
E:\桌面\Yy_Hair2\Vip_Management\Management.cpp(1193,21): warning C4244: “=”: 从“int”转换到“float”，可能丢失数据
E:\桌面\Yy_Hair2\Vip_Management\Management.cpp(1194,15): warning C4244: “=”: 从“int”转换到“float”，可能丢失数据
E:\桌面\Yy_Hair2\Vip_Management\Management.cpp(1444,20): warning C4244: “+=”: 从“float”转换到“int”，可能丢失数据
E:\桌面\Yy_Hair2\Vip_Management\Management.cpp(1492,20): warning C4244: “+=”: 从“float”转换到“int”，可能丢失数据
E:\桌面\Yy_Hair2\Vip_Management\Management.cpp(1545,20): warning C4244: “+=”: 从“float”转换到“int”，可能丢失数据
E:\桌面\Yy_Hair2\Vip_Management\Management.cpp(1580,7): warning C4101: “buf”: 未引用的局部变量
E:\桌面\Yy_Hair2\Vip_Management\Management.cpp(1770,31): warning C4244: “=”: 从“int”转换到“float”，可能丢失数据
  Vip_Count.cpp
  Vip_Discount.cpp
  Vip_Number.cpp
  Vip_TempCustom.cpp
  正在生成代码
  Previous IPDB not found, fall back to full compilation.
  All 629 functions were compiled because no usable IPDB/IOBJ from previous compilation was found.
  已完成代码的生成
  Vip_Management.vcxproj -> E:\桌面\Yy_Hair2\Vip_Management\x64\Release\Vip_Management.exe
